2017-07-05 15:56:08.221 [Info] > XCGLogger writing log to: file:///var/mobile/Containers/Data/Application/9B39050B-DB28-4E6E-BA2B-1B08C5543C19/Library/Caches/Logs/browser.20170705T155608-0400.log
2017-07-05 15:56:08.221 [Info] [RollingFileLogger.swift:46] newLogWithDate > Created file destination for logger with root: browser and timestamp: 2017-07-05 19:56:08 +0000
2017-07-05 15:56:08.221 [Debug] [AppDelegate.swift:87] startApplication(_:withLaunchOptions:) > Getting profile…
2017-07-05 15:56:08.363 [Debug] [AppDelegate.swift:91] startApplication(_:withLaunchOptions:) > Initializing telemetry…
2017-07-05 15:56:08.363 [Debug] [AppDelegate.swift:95] startApplication(_:withLaunchOptions:) > Starting web server…
2017-07-05 15:56:08.370 [Debug] [AppDelegate.swift:100] startApplication(_:withLaunchOptions:) > Setting AVAudioSession category…
2017-07-05 15:56:08.380 [Debug] [AppDelegate.swift:110] startApplication(_:withLaunchOptions:) > Configuring tabManager…
2017-07-05 15:56:08.381 [Debug] [AppDelegate.swift:116] startApplication(_:withLaunchOptions:) > Initing BVC…
2017-07-05 15:56:08.396 [Debug] [AppDelegate.swift:135] startApplication(_:withLaunchOptions:) > Configuring Crash Reporting...
2017-07-05 15:56:08.414 [Debug] [AppDelegate.swift:141] startApplication(_:withLaunchOptions:) > Adding observers…
2017-07-05 15:56:08.415 [Debug] [AppDelegate.swift:166] startApplication(_:withLaunchOptions:) > Updating authentication keychain state to reflect system state
2017-07-05 15:56:08.417 [Debug] [AppDelegate.swift:180] startApplication(_:withLaunchOptions:) > Done with setting up the application.
2017-07-05 15:56:08.417 [Debug] [AppDelegate.swift:220] application(_:didFinishLaunchingWithOptions:) > Did finish launching.
2017-07-05 15:56:08.418 [Debug] [AppDelegate.swift:222] application(_:didFinishLaunchingWithOptions:) > Setting up Adjust
2017-07-05 15:56:08.418 [Info] [AdjustIntegration.swift:146] triggerApplicationDidFinishLaunchingWithOptions > Adjust - Skipping because no or invalid config found
2017-07-05 15:56:08.418 [Debug] [AppDelegate.swift:226] application(_:didFinishLaunchingWithOptions:) > Setting up BuddyBuild SDK
2017-07-05 15:56:08.418 [Debug] [AppDelegate.swift:230] application(_:didFinishLaunchingWithOptions:) > Making window key and visible…
2017-07-05 15:56:08.434 [Debug] [AppDelegate.swift:234] application(_:didFinishLaunchingWithOptions:) > Triggering log roll.
2017-07-05 15:56:08.435 [Debug] [AppDelegate.swift:248] application(_:didFinishLaunchingWithOptions:) > Done with applicationDidFinishLaunching.
2017-07-05 15:56:08.473 [Debug] [BrowserViewController.swift:481] loadQueuedTabs() > Loading queued tabs in the background.
2017-07-05 15:56:08.481 [Debug] [BrowserViewController.swift:341] viewDidLoad() > BVC viewDidLoad…
2017-07-05 15:56:08.481 [Debug] [BrowserViewController.swift:495] dequeueQueuedTabs() > Queue. Count: 0.
2017-07-05 15:56:08.481 [Debug] [BrowserViewController.swift:343] viewDidLoad() > BVC super viewDidLoad called.
2017-07-05 15:56:08.481 [Debug] [BrowserViewController.swift:350] viewDidLoad() > BVC adding footer and header…
2017-07-05 15:56:08.482 [Debug] [BrowserViewController.swift:358] viewDidLoad() > BVC setting up webViewContainer…
2017-07-05 15:56:08.482 [Debug] [BrowserViewController.swift:368] viewDidLoad() > BVC setting up status bar…
2017-07-05 15:56:08.482 [Debug] [BrowserViewController.swift:374] viewDidLoad() > BVC setting up top touch area…
2017-07-05 15:56:08.483 [Debug] [BrowserViewController.swift:380] viewDidLoad() > BVC setting up URL bar…
2017-07-05 15:56:08.509 [Debug] [BrowserViewController.swift:415] viewDidLoad() > BVC setting up search loader…
2017-07-05 15:56:08.510 [Debug] [BrowserViewController.swift:430] viewDidLoad() > BVC updating toolbar state…
2017-07-05 15:56:08.543 [Debug] [BrowserViewController.swift:433] viewDidLoad() > BVC setting up constraints…
2017-07-05 15:56:08.546 [Debug] [BrowserViewController.swift:435] viewDidLoad() > BVC done.
2017-07-05 15:56:08.547 [Debug] [BrowserViewController.swift:515] viewWillAppear > BVC viewWillAppear.
2017-07-05 15:56:08.547 [Debug] [BrowserViewController.swift:517] viewWillAppear > BVC super.viewWillAppear done.
2017-07-05 15:56:08.547 [Debug] [BrowserViewController.swift:530] viewWillAppear > Restoring tabs.
2017-07-05 15:56:08.547 [Debug] [TabManager.swift:688] restoreTabsInternal() > Restoring tabs.
2017-07-05 15:56:08.558 [Debug] [TabManager.swift:732] restoreTabsInternal() > Done adding tabs.
2017-07-05 15:56:08.558 [Debug] [TabManager.swift:736] restoreTabsInternal() > Notifying delegates.
2017-07-05 15:56:08.558 [Debug] [TabManager.swift:743] restoreTabsInternal() > Selecting a tab.
2017-07-05 15:56:08.682 [Debug] [TabManager.swift:745] restoreTabsInternal() > Creating webview for selected tab.
2017-07-05 15:56:08.682 [Debug] [TabManager.swift:749] restoreTabsInternal() > Done.
2017-07-05 15:56:08.683 [Debug] [BrowserViewController.swift:532] viewWillAppear > Done restoring tabs.
2017-07-05 15:56:08.683 [Debug] [BrowserViewController.swift:535] viewWillAppear > Updating tab count.
2017-07-05 15:56:08.685 [Debug] [BrowserViewController.swift:537] viewWillAppear > BVC done.
2017-07-05 15:56:08.702 [Debug] [BrowserViewController.swift:470] viewDidLayoutSubviews() > BVC viewDidLayoutSubviews…
2017-07-05 15:56:08.710 [Debug] [BrowserViewController.swift:477] viewDidLayoutSubviews() > BVC done.
2017-07-05 15:56:08.725 [Debug] [BrowserViewController.swift:470] viewDidLayoutSubviews() > BVC viewDidLayoutSubviews…
2017-07-05 15:56:08.730 [Debug] [BrowserViewController.swift:477] viewDidLayoutSubviews() > BVC done.
2017-07-05 15:56:08.753 [Debug] [BrowserViewController.swift:571] viewDidAppear > BVC viewDidAppear.
2017-07-05 15:56:08.753 [Debug] [BrowserViewController.swift:573] viewDidAppear > BVC intro presented.
2017-07-05 15:56:08.753 [Debug] [BrowserViewController.swift:577] viewDidAppear > BVC taking pending screenshots….
2017-07-05 15:56:08.754 [Debug] [BrowserViewController.swift:579] viewDidAppear > BVC done taking screenshots.
2017-07-05 15:56:08.754 [Debug] [BrowserViewController.swift:581] viewDidAppear > BVC calling super.viewDidAppear.
2017-07-05 15:56:08.754 [Debug] [BrowserViewController.swift:583] viewDidAppear > BVC done.
2017-07-05 15:56:08.975 [Debug] [BrowserViewController.swift:470] viewDidLayoutSubviews() > BVC viewDidLayoutSubviews…
2017-07-05 15:56:08.982 [Debug] [BrowserViewController.swift:477] viewDidLayoutSubviews() > BVC done.
2017-07-05 15:56:08.990 [Debug] [BrowserViewController.swift:470] viewDidLayoutSubviews() > BVC viewDidLayoutSubviews…
2017-07-05 15:56:08.997 [Debug] [BrowserViewController.swift:477] viewDidLayoutSubviews() > BVC done.
2017-07-05 15:56:09.020 [Warning] [BrowserViewController.swift:2259] webView(_:decidePolicyFor:decisionHandler:) > Denying unprivileged request: http://localhost:6571/errors/error.html?url=http%3A//localhost%3A6571/about/home/%23panel%3D0
2017-07-05 15:56:09.155 [Debug] [BrowserViewController.swift:719] showHomePanelController(inline:) > BVC showHomePanelController.
2017-07-05 15:56:09.202 [Debug] [BrowserViewController.swift:763] showHomePanelController(inline:) > BVC done with showHomePanelController.
2017-07-05 15:56:09.233 [Debug] [BrowserViewController.swift:470] viewDidLayoutSubviews() > BVC viewDidLayoutSubviews…
2017-07-05 15:56:09.239 [Debug] [BrowserViewController.swift:477] viewDidLayoutSubviews() > BVC done.
2017-07-05 15:56:09.495 [Debug] [BrowserViewController.swift:470] viewDidLayoutSubviews() > BVC viewDidLayoutSubviews…
2017-07-05 15:56:09.500 [Debug] [BrowserViewController.swift:477] viewDidLayoutSubviews() > BVC done.
2017-07-05 15:56:09.626 [Debug] [BrowserViewController.swift:470] viewDidLayoutSubviews() > BVC viewDidLayoutSubviews…
2017-07-05 15:56:09.632 [Debug] [BrowserViewController.swift:477] viewDidLayoutSubviews() > BVC done.
2017-07-05 15:56:09.690 [Debug] [BrowserViewController.swift:719] showHomePanelController(inline:) > BVC showHomePanelController.
2017-07-05 15:56:09.691 [Debug] [BrowserViewController.swift:763] showHomePanelController(inline:) > BVC done with showHomePanelController.
2017-07-05 15:56:09.718 [Debug] [BrowserViewController.swift:470] viewDidLayoutSubviews() > BVC viewDidLayoutSubviews…
2017-07-05 15:56:09.724 [Debug] [BrowserViewController.swift:477] viewDidLayoutSubviews() > BVC done.
2017-07-05 15:56:09.747 [Debug] [BrowserViewController.swift:719] showHomePanelController(inline:) > BVC showHomePanelController.
2017-07-05 15:56:09.748 [Debug] [BrowserViewController.swift:763] showHomePanelController(inline:) > BVC done with showHomePanelController.
2017-07-05 15:56:09.787 [Debug] [BrowserViewController.swift:470] viewDidLayoutSubviews() > BVC viewDidLayoutSubviews…
2017-07-05 15:56:09.799 [Debug] [BrowserViewController.swift:477] viewDidLayoutSubviews() > BVC done.
2017-07-05 15:56:09.821 [Debug] [BrowserViewController.swift:470] viewDidLayoutSubviews() > BVC viewDidLayoutSubviews…
2017-07-05 15:56:09.827 [Debug] [BrowserViewController.swift:477] viewDidLayoutSubviews() > BVC done.
2017-07-05 15:56:12.538 [Debug] [BrowserViewController.swift:515] viewWillAppear > BVC viewWillAppear.
2017-07-05 15:56:12.538 [Debug] [BrowserViewController.swift:517] viewWillAppear > BVC super.viewWillAppear done.
2017-07-05 15:56:12.539 [Debug] [BrowserViewController.swift:530] viewWillAppear > Restoring tabs.
2017-07-05 15:56:12.540 [Debug] [BrowserViewController.swift:532] viewWillAppear > Done restoring tabs.
2017-07-05 15:56:12.540 [Debug] [BrowserViewController.swift:535] viewWillAppear > Updating tab count.
2017-07-05 15:56:12.541 [Debug] [BrowserViewController.swift:537] viewWillAppear > BVC done.
2017-07-05 15:56:12.581 [Debug] [BrowserViewController.swift:470] viewDidLayoutSubviews() > BVC viewDidLayoutSubviews…
2017-07-05 15:56:12.589 [Debug] [BrowserViewController.swift:477] viewDidLayoutSubviews() > BVC done.
2017-07-05 15:56:12.599 [Debug] [BrowserViewController.swift:470] viewDidLayoutSubviews() > BVC viewDidLayoutSubviews…
2017-07-05 15:56:12.605 [Debug] [BrowserViewController.swift:477] viewDidLayoutSubviews() > BVC done.
2017-07-05 15:56:12.631 [Debug] [BrowserViewController.swift:470] viewDidLayoutSubviews() > BVC viewDidLayoutSubviews…
2017-07-05 15:56:12.638 [Debug] [BrowserViewController.swift:477] viewDidLayoutSubviews() > BVC done.
2017-07-05 15:56:13.104 [Debug] [BrowserViewController.swift:571] viewDidAppear > BVC viewDidAppear.
2017-07-05 15:56:13.104 [Debug] [BrowserViewController.swift:573] viewDidAppear > BVC intro presented.
2017-07-05 15:56:13.105 [Debug] [BrowserViewController.swift:577] viewDidAppear > BVC taking pending screenshots….
2017-07-05 15:56:13.105 [Debug] [BrowserViewController.swift:579] viewDidAppear > BVC done taking screenshots.
2017-07-05 15:56:13.105 [Debug] [BrowserViewController.swift:581] viewDidAppear > BVC calling super.viewDidAppear.
2017-07-05 15:56:13.106 [Debug] [BrowserViewController.swift:583] viewDidAppear > BVC done.
2017-07-05 15:56:14.653 [Debug] [Telemetry.swift:56] sendPing > Ping URL: https://incoming.telemetry.mozilla.org/submit/telemetry/DE371B91-752C-474F-9E2E-684BFBE798FA/core/Fennec/7.5/default/1
2017-07-05 15:56:14.654 [Debug] [Telemetry.swift:57] sendPing > Ping payload: Optional("{\"tz\":-240,\"sessions\":1,\"durations\":6,\"clientId\":\"AF857A35-563B-4557-A922-92E26D7558AE\",\"profileDate\":17352,\"v\":7,\"device\":\"Apple-iPod7,1\",\"defaultSearch\":\"yahoo\",\"locale\":\"en\",\"seq\":2,\"os\":\"iOS\",\"osversion\":\"10.2.1\",\"created\":\"2017-07-05\",\"arch\":\"arm\"}")
2017-07-05 15:56:14.654 [Debug] [Telemetry.swift:66] sendPing > Non-release build; not sending ping
2017-07-05 15:56:15.622 [Debug] [AppDelegate.swift:185] applicationWillTerminate > Application will terminate.
