2017-07-05 15:53:11.051 [Info] > XCGLogger writing log to: file:///var/mobile/Containers/Data/Application/9B39050B-DB28-4E6E-BA2B-1B08C5543C19/Library/Caches/Logs/browser.20170705T155311-0400.log
2017-07-05 15:53:11.051 [Info] [RollingFileLogger.swift:46] newLogWithDate > Created file destination for logger with root: browser and timestamp: 2017-07-05 19:53:11 +0000
2017-07-05 15:53:11.052 [Debug] [AppDelegate.swift:87] startApplication(_:withLaunchOptions:) > Getting profile…
2017-07-05 15:53:11.311 [Debug] [AppDelegate.swift:91] startApplication(_:withLaunchOptions:) > Initializing telemetry…
2017-07-05 15:53:11.312 [Debug] [AppDelegate.swift:95] startApplication(_:withLaunchOptions:) > Starting web server…
2017-07-05 15:53:11.326 [Debug] [AppDelegate.swift:100] startApplication(_:withLaunchOptions:) > Setting AVAudioSession category…
2017-07-05 15:53:11.338 [Debug] [AppDelegate.swift:110] startApplication(_:withLaunchOptions:) > Configuring tabManager…
2017-07-05 15:53:11.341 [Debug] [AppDelegate.swift:116] startApplication(_:withLaunchOptions:) > Initing BVC…
2017-07-05 15:53:11.357 [Debug] [AppDelegate.swift:135] startApplication(_:withLaunchOptions:) > Configuring Crash Reporting...
2017-07-05 15:53:11.377 [Debug] [AppDelegate.swift:141] startApplication(_:withLaunchOptions:) > Adding observers…
2017-07-05 15:53:11.379 [Debug] [AppDelegate.swift:166] startApplication(_:withLaunchOptions:) > Updating authentication keychain state to reflect system state
2017-07-05 15:53:11.395 [Debug] [AppDelegate.swift:180] startApplication(_:withLaunchOptions:) > Done with setting up the application.
2017-07-05 15:53:11.396 [Debug] [AppDelegate.swift:220] application(_:didFinishLaunchingWithOptions:) > Did finish launching.
2017-07-05 15:53:11.396 [Debug] [AppDelegate.swift:222] application(_:didFinishLaunchingWithOptions:) > Setting up Adjust
2017-07-05 15:53:11.397 [Info] [AdjustIntegration.swift:146] triggerApplicationDidFinishLaunchingWithOptions > Adjust - Skipping because no or invalid config found
2017-07-05 15:53:11.397 [Debug] [AppDelegate.swift:226] application(_:didFinishLaunchingWithOptions:) > Setting up BuddyBuild SDK
2017-07-05 15:53:11.398 [Debug] [AppDelegate.swift:230] application(_:didFinishLaunchingWithOptions:) > Making window key and visible…
2017-07-05 15:53:11.421 [Debug] [AppDelegate.swift:234] application(_:didFinishLaunchingWithOptions:) > Triggering log roll.
2017-07-05 15:53:11.422 [Debug] [AppDelegate.swift:248] application(_:didFinishLaunchingWithOptions:) > Done with applicationDidFinishLaunching.
2017-07-05 15:53:11.427 [Debug] [BrowserViewController.swift:481] loadQueuedTabs() > Loading queued tabs in the background.
2017-07-05 15:53:11.437 [Debug] [BrowserViewController.swift:341] viewDidLoad() > BVC viewDidLoad…
2017-07-05 15:53:11.437 [Debug] [BrowserViewController.swift:343] viewDidLoad() > BVC super viewDidLoad called.
2017-07-05 15:53:11.439 [Debug] [BrowserViewController.swift:350] viewDidLoad() > BVC adding footer and header…
2017-07-05 15:53:11.439 [Debug] [BrowserViewController.swift:358] viewDidLoad() > BVC setting up webViewContainer…
2017-07-05 15:53:11.440 [Debug] [BrowserViewController.swift:368] viewDidLoad() > BVC setting up status bar…
2017-07-05 15:53:11.440 [Debug] [BrowserViewController.swift:374] viewDidLoad() > BVC setting up top touch area…
2017-07-05 15:53:11.441 [Debug] [BrowserViewController.swift:380] viewDidLoad() > BVC setting up URL bar…
2017-07-05 15:53:11.527 [Debug] [BrowserViewController.swift:415] viewDidLoad() > BVC setting up search loader…
2017-07-05 15:53:11.528 [Debug] [BrowserViewController.swift:430] viewDidLoad() > BVC updating toolbar state…
2017-07-05 15:53:11.542 [Debug] [BrowserViewController.swift:495] dequeueQueuedTabs() > Queue. Count: 0.
2017-07-05 15:53:11.590 [Debug] [BrowserViewController.swift:433] viewDidLoad() > BVC setting up constraints…
2017-07-05 15:53:11.595 [Debug] [BrowserViewController.swift:435] viewDidLoad() > BVC done.
2017-07-05 15:53:11.596 [Debug] [BrowserViewController.swift:515] viewWillAppear > BVC viewWillAppear.
2017-07-05 15:53:11.596 [Debug] [BrowserViewController.swift:517] viewWillAppear > BVC super.viewWillAppear done.
2017-07-05 15:53:11.597 [Debug] [BrowserViewController.swift:530] viewWillAppear > Restoring tabs.
2017-07-05 15:53:11.598 [Debug] [TabManager.swift:688] restoreTabsInternal() > Restoring tabs.
2017-07-05 15:53:11.599 [Debug] [TabManager.swift:690] restoreTabsInternal() > Nothing to restore.
2017-07-05 15:53:11.632 [Debug] [Telemetry.swift:56] sendPing > Ping URL: https://incoming.telemetry.mozilla.org/submit/telemetry/C5DECC67-C439-45CC-81C1-6F844F039525/core/Fennec/7.5/default/1
2017-07-05 15:53:11.633 [Debug] [Telemetry.swift:57] sendPing > Ping payload: Optional("{\"tz\":-240,\"sessions\":0,\"durations\":0,\"clientId\":\"AF857A35-563B-4557-A922-92E26D7558AE\",\"profileDate\":17352,\"v\":7,\"device\":\"Apple-iPod7,1\",\"defaultSearch\":\"yahoo\",\"locale\":\"en\",\"seq\":0,\"os\":\"iOS\",\"osversion\":\"10.2.1\",\"created\":\"2017-07-05\",\"arch\":\"arm\"}")
2017-07-05 15:53:11.635 [Debug] [Telemetry.swift:66] sendPing > Non-release build; not sending ping
2017-07-05 15:53:11.648 [Error] [Tab.swift:205] restore > creating webview with no lastRequest and no session data: nil
2017-07-05 15:53:11.743 [Debug] [BrowserViewController.swift:719] showHomePanelController(inline:) > BVC showHomePanelController.
2017-07-05 15:53:11.799 [Debug] [BrowserViewController.swift:763] showHomePanelController(inline:) > BVC done with showHomePanelController.
2017-07-05 15:53:11.800 [Debug] [BrowserViewController.swift:532] viewWillAppear > Done restoring tabs.
2017-07-05 15:53:11.800 [Debug] [BrowserViewController.swift:535] viewWillAppear > Updating tab count.
2017-07-05 15:53:11.803 [Debug] [BrowserViewController.swift:537] viewWillAppear > BVC done.
2017-07-05 15:53:11.849 [Debug] [BrowserViewController.swift:470] viewDidLayoutSubviews() > BVC viewDidLayoutSubviews…
2017-07-05 15:53:11.857 [Debug] [BrowserViewController.swift:477] viewDidLayoutSubviews() > BVC done.
2017-07-05 15:53:11.883 [Debug] [BrowserViewController.swift:470] viewDidLayoutSubviews() > BVC viewDidLayoutSubviews…
2017-07-05 15:53:11.889 [Debug] [BrowserViewController.swift:477] viewDidLayoutSubviews() > BVC done.
2017-07-05 15:53:11.913 [Debug] [BrowserViewController.swift:571] viewDidAppear > BVC viewDidAppear.
2017-07-05 15:53:11.948 [Debug] [BrowserViewController.swift:573] viewDidAppear > BVC intro presented.
2017-07-05 15:53:11.948 [Debug] [BrowserViewController.swift:577] viewDidAppear > BVC taking pending screenshots….
2017-07-05 15:53:11.950 [Debug] [BrowserViewController.swift:579] viewDidAppear > BVC done taking screenshots.
2017-07-05 15:53:11.950 [Debug] [BrowserViewController.swift:581] viewDidAppear > BVC calling super.viewDidAppear.
2017-07-05 15:53:11.950 [Debug] [BrowserViewController.swift:583] viewDidAppear > BVC done.
2017-07-05 15:53:11.967 [Debug] [BrowserViewController.swift:470] viewDidLayoutSubviews() > BVC viewDidLayoutSubviews…
2017-07-05 15:53:11.974 [Debug] [BrowserViewController.swift:477] viewDidLayoutSubviews() > BVC done.
2017-07-05 15:53:11.984 [Debug] [BrowserViewController.swift:470] viewDidLayoutSubviews() > BVC viewDidLayoutSubviews…
2017-07-05 15:53:11.989 [Debug] [BrowserViewController.swift:477] viewDidLayoutSubviews() > BVC done.
2017-07-05 15:53:12.116 [Debug] [BrowserViewController.swift:470] viewDidLayoutSubviews() > BVC viewDidLayoutSubviews…
2017-07-05 15:53:12.123 [Debug] [BrowserViewController.swift:477] viewDidLayoutSubviews() > BVC done.
2017-07-05 15:53:12.199 [Debug] [BrowserViewController.swift:470] viewDidLayoutSubviews() > BVC viewDidLayoutSubviews…
2017-07-05 15:53:12.209 [Debug] [BrowserViewController.swift:477] viewDidLayoutSubviews() > BVC done.
2017-07-05 15:53:12.232 [Debug] [BrowserViewController.swift:470] viewDidLayoutSubviews() > BVC viewDidLayoutSubviews…
2017-07-05 15:53:12.321 [Debug] [BrowserViewController.swift:477] viewDidLayoutSubviews() > BVC done.
2017-07-05 15:53:12.345 [Debug] [BrowserViewController.swift:470] viewDidLayoutSubviews() > BVC viewDidLayoutSubviews…
2017-07-05 15:53:12.365 [Debug] [BrowserViewController.swift:477] viewDidLayoutSubviews() > BVC done.
2017-07-05 15:53:12.404 [Debug] [BrowserViewController.swift:719] showHomePanelController(inline:) > BVC showHomePanelController.
2017-07-05 15:53:12.405 [Debug] [BrowserViewController.swift:763] showHomePanelController(inline:) > BVC done with showHomePanelController.
2017-07-05 15:53:12.427 [Debug] [BrowserViewController.swift:470] viewDidLayoutSubviews() > BVC viewDidLayoutSubviews…
2017-07-05 15:53:12.451 [Debug] [BrowserViewController.swift:477] viewDidLayoutSubviews() > BVC done.
2017-07-05 15:53:12.550 [Debug] [BrowserViewController.swift:470] viewDidLayoutSubviews() > BVC viewDidLayoutSubviews…
2017-07-05 15:53:12.556 [Debug] [BrowserViewController.swift:477] viewDidLayoutSubviews() > BVC done.
2017-07-05 15:54:36.354 [Debug] [BrowserViewController.swift:515] viewWillAppear > BVC viewWillAppear.
2017-07-05 15:54:36.355 [Debug] [BrowserViewController.swift:517] viewWillAppear > BVC super.viewWillAppear done.
2017-07-05 15:54:36.356 [Debug] [BrowserViewController.swift:530] viewWillAppear > Restoring tabs.
2017-07-05 15:54:36.357 [Debug] [BrowserViewController.swift:532] viewWillAppear > Done restoring tabs.
2017-07-05 15:54:36.358 [Debug] [BrowserViewController.swift:535] viewWillAppear > Updating tab count.
2017-07-05 15:54:36.359 [Debug] [BrowserViewController.swift:537] viewWillAppear > BVC done.
2017-07-05 15:54:36.419 [Debug] [BrowserViewController.swift:470] viewDidLayoutSubviews() > BVC viewDidLayoutSubviews…
2017-07-05 15:54:36.431 [Debug] [BrowserViewController.swift:477] viewDidLayoutSubviews() > BVC done.
2017-07-05 15:54:36.440 [Debug] [BrowserViewController.swift:470] viewDidLayoutSubviews() > BVC viewDidLayoutSubviews…
2017-07-05 15:54:36.451 [Debug] [BrowserViewController.swift:477] viewDidLayoutSubviews() > BVC done.
2017-07-05 15:54:36.460 [Debug] [BrowserViewController.swift:470] viewDidLayoutSubviews() > BVC viewDidLayoutSubviews…
2017-07-05 15:54:36.469 [Debug] [BrowserViewController.swift:477] viewDidLayoutSubviews() > BVC done.
2017-07-05 15:54:36.475 [Debug] [BrowserViewController.swift:470] viewDidLayoutSubviews() > BVC viewDidLayoutSubviews…
2017-07-05 15:54:36.483 [Debug] [BrowserViewController.swift:477] viewDidLayoutSubviews() > BVC done.
2017-07-05 15:54:36.961 [Debug] [BrowserViewController.swift:571] viewDidAppear > BVC viewDidAppear.
2017-07-05 15:54:36.962 [Debug] [BrowserViewController.swift:573] viewDidAppear > BVC intro presented.
2017-07-05 15:54:36.962 [Debug] [BrowserViewController.swift:577] viewDidAppear > BVC taking pending screenshots….
2017-07-05 15:54:36.963 [Debug] [BrowserViewController.swift:579] viewDidAppear > BVC done taking screenshots.
2017-07-05 15:54:36.964 [Debug] [BrowserViewController.swift:581] viewDidAppear > BVC calling super.viewDidAppear.
2017-07-05 15:54:36.964 [Debug] [BrowserViewController.swift:583] viewDidAppear > BVC done.
2017-07-05 15:55:42.732 [Debug] [BrowserViewController.swift:470] viewDidLayoutSubviews() > BVC viewDidLayoutSubviews…
2017-07-05 15:55:42.741 [Debug] [BrowserViewController.swift:477] viewDidLayoutSubviews() > BVC done.
2017-07-05 15:55:42.748 [Debug] [BrowserViewController.swift:470] viewDidLayoutSubviews() > BVC viewDidLayoutSubviews…
2017-07-05 15:55:42.756 [Debug] [BrowserViewController.swift:477] viewDidLayoutSubviews() > BVC done.
2017-07-05 15:55:46.762 [Debug] [BrowserViewController.swift:470] viewDidLayoutSubviews() > BVC viewDidLayoutSubviews…
2017-07-05 15:55:46.778 [Debug] [BrowserViewController.swift:477] viewDidLayoutSubviews() > BVC done.
2017-07-05 15:55:46.788 [Debug] [BrowserViewController.swift:470] viewDidLayoutSubviews() > BVC viewDidLayoutSubviews…
2017-07-05 15:55:46.804 [Debug] [BrowserViewController.swift:477] viewDidLayoutSubviews() > BVC done.
2017-07-05 15:55:46.818 [Debug] [BrowserViewController.swift:470] viewDidLayoutSubviews() > BVC viewDidLayoutSubviews…
2017-07-05 15:55:46.835 [Debug] [BrowserViewController.swift:477] viewDidLayoutSubviews() > BVC done.
2017-07-05 15:55:58.148 [Debug] [BrowserViewController.swift:515] viewWillAppear > BVC viewWillAppear.
2017-07-05 15:55:58.149 [Debug] [BrowserViewController.swift:517] viewWillAppear > BVC super.viewWillAppear done.
2017-07-05 15:55:58.149 [Debug] [BrowserViewController.swift:530] viewWillAppear > Restoring tabs.
2017-07-05 15:55:58.151 [Debug] [BrowserViewController.swift:532] viewWillAppear > Done restoring tabs.
2017-07-05 15:55:58.151 [Debug] [BrowserViewController.swift:535] viewWillAppear > Updating tab count.
2017-07-05 15:55:58.152 [Debug] [BrowserViewController.swift:537] viewWillAppear > BVC done.
2017-07-05 15:55:58.206 [Debug] [BrowserViewController.swift:470] viewDidLayoutSubviews() > BVC viewDidLayoutSubviews…
2017-07-05 15:55:58.214 [Debug] [BrowserViewController.swift:477] viewDidLayoutSubviews() > BVC done.
2017-07-05 15:55:58.242 [Debug] [BrowserViewController.swift:470] viewDidLayoutSubviews() > BVC viewDidLayoutSubviews…
2017-07-05 15:55:58.248 [Debug] [BrowserViewController.swift:477] viewDidLayoutSubviews() > BVC done.
2017-07-05 15:55:58.360 [Debug] [BrowserViewController.swift:470] viewDidLayoutSubviews() > BVC viewDidLayoutSubviews…
2017-07-05 15:55:58.367 [Debug] [BrowserViewController.swift:477] viewDidLayoutSubviews() > BVC done.
2017-07-05 15:55:58.774 [Debug] [BrowserViewController.swift:571] viewDidAppear > BVC viewDidAppear.
2017-07-05 15:55:58.775 [Debug] [BrowserViewController.swift:573] viewDidAppear > BVC intro presented.
2017-07-05 15:55:58.775 [Debug] [BrowserViewController.swift:577] viewDidAppear > BVC taking pending screenshots….
2017-07-05 15:55:58.778 [Debug] [BrowserViewController.swift:579] viewDidAppear > BVC done taking screenshots.
2017-07-05 15:55:58.779 [Debug] [BrowserViewController.swift:581] viewDidAppear > BVC calling super.viewDidAppear.
2017-07-05 15:55:58.779 [Debug] [BrowserViewController.swift:583] viewDidAppear > BVC done.
2017-07-05 15:56:00.722 [Debug] [Telemetry.swift:56] sendPing > Ping URL: https://incoming.telemetry.mozilla.org/submit/telemetry/11342FF9-A9E2-4C76-BF10-481BF9432F45/core/Fennec/7.5/default/1
2017-07-05 15:56:00.724 [Debug] [Telemetry.swift:57] sendPing > Ping payload: Optional("{\"tz\":-240,\"sessions\":1,\"durations\":169,\"clientId\":\"AF857A35-563B-4557-A922-92E26D7558AE\",\"profileDate\":17352,\"v\":7,\"device\":\"Apple-iPod7,1\",\"defaultSearch\":\"yahoo\",\"locale\":\"en\",\"seq\":1,\"os\":\"iOS\",\"osversion\":\"10.2.1\",\"created\":\"2017-07-05\",\"arch\":\"arm\"}")
2017-07-05 15:56:00.725 [Debug] [Telemetry.swift:66] sendPing > Non-release build; not sending ping
