2017-07-05 15:56:08.211 [Info] > XCGLogger writing log to: file:///var/mobile/Containers/Data/Application/9B39050B-DB28-4E6E-BA2B-1B08C5543C19/Library/Caches/Logs/sync.20170705T155608-0400.log
2017-07-05 15:56:08.212 [Info] [RollingFileLogger.swift:46] newLogWithDate > Created file destination for logger with root: sync and timestamp: 2017-07-05 19:56:08 +0000
2017-07-05 15:56:08.222 [Debug] [Profile.swift:239] init(localName:app:clear:) > Initing profile profile on thread <NSThread: 0x174262f00>{number = 1, name = main}.
2017-07-05 15:56:08.235 [Debug] [BrowserDB.swift:56] init(filename:secretKey:files:) > Initializing BrowserDB: logins.db.
2017-07-05 15:56:08.236 [Debug] [BrowserDB.swift:66] init(filename:secretKey:files:) > Creating db: /private/var/mobile/Containers/Shared/AppGroup/7CFC3924-B25F-4F69-9424-9D3CD3D1C8D9/profile.profile/logins.db with secret = Optional("1wXL9XBZzF8eE7f4wJEftWQMkG7CjOB5mkCcjlcXmI7diTJdZ7Ty+Gy1xVtCTddW1dZwedH9o/NVSJ3lfMtJcbxIZjeFHUR4rLNdzkk1JSBq03GcpTImItszJTUCDi5kRLd9bXNkOS/l2N/qEzRyZgqVI4PlpyowlEPBFODGTZAnsC/RXllt5RxA4HVFhiOwKkaBeLu1PH1Kk20iufm8V2mU5tTq7ZKBUai3I5MVyLDJ4aEnzJnAvdVZvAUFpE6slZmXbnrtSATtBh/7v1CtlznkqN3R+79Us1X7Yi5pf1GwRbZ8NOGg+JI9yT5DJrGnEeEHmTd6ujqYxUCKZGhBRA==")
2017-07-05 15:56:08.237 [Debug] [SwiftData.swift:93] getSharedConnection() > >>> Creating shared SQLiteDBConnection for /private/var/mobile/Containers/Shared/AppGroup/7CFC3924-B25F-4F69-9424-9D3CD3D1C8D9/profile.profile/logins.db on thread <NSThread: 0x174262f00>{number = 1, name = main}.
2017-07-05 15:56:08.237 [Debug] [SwiftData.swift:510] init(filename:flags:key:prevKey:) > Opening connection to /private/var/mobile/Containers/Shared/AppGroup/7CFC3924-B25F-4F69-9424-9D3CD3D1C8D9/profile.profile/logins.db.
2017-07-05 15:56:08.349 [Info] [SwiftData.swift:436] prepareEncrypted(_:key:prevKey:) > Enabling WAL mode.
2017-07-05 15:56:08.350 [Debug] [BrowserDB.swift:163] createOrUpdate > Create or update tableList version 1 on <NSThread: 0x174262f00>{number = 1, name = main}.
2017-07-05 15:56:08.350 [Debug] [BrowserDB.swift:101] updateTable(_:table:) > Trying update tableList version 1
2017-07-05 15:56:08.351 [Debug] [BrowserDB.swift:175] createOrUpdate > Table tableList already exists.
2017-07-05 15:56:08.351 [Debug] [BrowserDB.swift:77] init(filename:secretKey:files:) > db: /private/var/mobile/Containers/Shared/AppGroup/7CFC3924-B25F-4F69-9424-9D3CD3D1C8D9/profile.profile/logins.db has been created
2017-07-05 15:56:08.351 [Debug] [BrowserDB.swift:56] init(filename:secretKey:files:) > Initializing BrowserDB: browser.db.
2017-07-05 15:56:08.352 [Debug] [SwiftData.swift:93] getSharedConnection() > >>> Creating shared SQLiteDBConnection for /private/var/mobile/Containers/Shared/AppGroup/7CFC3924-B25F-4F69-9424-9D3CD3D1C8D9/profile.profile/browser.db on thread <NSThread: 0x174262f00>{number = 1, name = main}.
2017-07-05 15:56:08.352 [Debug] [SwiftData.swift:510] init(filename:flags:key:prevKey:) > Opening connection to /private/var/mobile/Containers/Shared/AppGroup/7CFC3924-B25F-4F69-9424-9D3CD3D1C8D9/profile.profile/browser.db.
2017-07-05 15:56:08.353 [Info] [SwiftData.swift:475] prepareCleartext() > Enabling WAL mode.
2017-07-05 15:56:08.361 [Debug] [BrowserDB.swift:163] createOrUpdate > Create or update tableList version 1 on <NSThread: 0x174262f00>{number = 1, name = main}.
2017-07-05 15:56:08.362 [Debug] [BrowserDB.swift:101] updateTable(_:table:) > Trying update tableList version 1
2017-07-05 15:56:08.362 [Debug] [BrowserDB.swift:175] createOrUpdate > Table tableList already exists.
2017-07-05 15:56:08.362 [Debug] [BrowserDB.swift:77] init(filename:secretKey:files:) > db: /private/var/mobile/Containers/Shared/AppGroup/7CFC3924-B25F-4F69-9424-9D3CD3D1C8D9/profile.profile/browser.db has been created
2017-07-05 15:56:08.436 [Debug] [Profile.swift:305] reopen() > Reopening profile.
2017-07-05 15:56:08.472 [Debug] [Profile.swift:974] beginTimedSyncs() > Starting sync timer.
2017-07-05 15:56:08.473 [Debug] [Profile.swift:649] applicationDidBecomeActive() > 5737msec since last sync.
2017-07-05 15:56:08.474 [Info] [BrowserTable.swift:124] init() > SQLite version: 3.8.8.3 (3008008).
2017-07-05 15:56:08.475 [Debug] [BrowserDB.swift:163] createOrUpdate > Create or update BROWSER version 21 on <NSThread: 0x174461280>{number = 3, name = (null)}.
2017-07-05 15:56:08.476 [Debug] [BrowserDB.swift:480] tablesExist > 15 tables exist. Expected 15
2017-07-05 15:56:08.476 [Debug] [BrowserDB.swift:101] updateTable(_:table:) > Trying update BROWSER version 21
2017-07-05 15:56:08.476 [Debug] [BrowserDB.swift:175] createOrUpdate > Table BROWSER already exists.
2017-07-05 15:56:08.477 [Debug] [SQLiteHistory.swift:124] init(db:prefs:) > Database succesfully created/updated
2017-07-05 15:56:08.477 [Info] [BrowserTable.swift:124] init() > SQLite version: 3.8.8.3 (3008008).
2017-07-05 15:56:08.478 [Debug] [BrowserDB.swift:163] createOrUpdate > Create or update BROWSER version 21 on <NSThread: 0x174461280>{number = 3, name = (null)}.
2017-07-05 15:56:08.478 [Debug] [BrowserDB.swift:480] tablesExist > 15 tables exist. Expected 15
2017-07-05 15:56:08.479 [Debug] [BrowserDB.swift:101] updateTable(_:table:) > Trying update BROWSER version 21
2017-07-05 15:56:08.479 [Debug] [BrowserDB.swift:175] createOrUpdate > Table BROWSER already exists.
2017-07-05 15:56:09.811 [Debug] [BrowserDB.swift:163] createOrUpdate > Create or update clients version 1 on <NSThread: 0x174461280>{number = 3, name = (null)}.
2017-07-05 15:56:09.812 [Debug] [BrowserDB.swift:101] updateTable(_:table:) > Trying update clients version 1
2017-07-05 15:56:09.813 [Debug] [BrowserDB.swift:175] createOrUpdate > Table clients already exists.
2017-07-05 15:56:09.813 [Debug] [BrowserDB.swift:163] createOrUpdate > Create or update tabs version 2 on <NSThread: 0x174461280>{number = 3, name = (null)}.
2017-07-05 15:56:09.814 [Debug] [BrowserDB.swift:101] updateTable(_:table:) > Trying update tabs version 2
2017-07-05 15:56:09.815 [Debug] [BrowserDB.swift:175] createOrUpdate > Table tabs already exists.
2017-07-05 15:56:09.815 [Debug] [BrowserDB.swift:163] createOrUpdate > Create or update commands version 1 on <NSThread: 0x174461280>{number = 3, name = (null)}.
2017-07-05 15:56:09.815 [Debug] [BrowserDB.swift:101] updateTable(_:table:) > Trying update commands version 1
2017-07-05 15:56:09.816 [Debug] [BrowserDB.swift:175] createOrUpdate > Table commands already exists.
2017-07-05 15:56:11.626 [Debug] [FirefoxAccount.swift:208] advance() > no advance() in progress; setting and returning new shared deferred.
2017-07-05 15:56:11.635 [Info] [FxALoginStateMachine.swift:51] advanceOne(fromState:now:) > Advancing from state: married
2017-07-05 15:56:11.635 [Debug] [FxALoginStateMachine.swift:55] advanceOne(fromState:now:) > Checking key pair freshness.
2017-07-05 15:56:11.636 [Debug] [FxALoginStateMachine.swift:60] advanceOne(fromState:now:) > Checking certificate freshness.
2017-07-05 15:56:11.636 [Info] [FxALoginStateMachine.swift:65] advanceOne(fromState:now:) > Key pair and certificate are fresh; staying Married.
2017-07-05 15:56:11.680 [Debug] [FirefoxAccount.swift:217] advance() > advance() completed and shared deferred is existing deferred; clearing shared deferred.
2017-07-05 15:56:14.490 [Debug] [Profile.swift:984] endTimedSyncs() > Stopping sync timer.
2017-07-05 15:56:14.500 [Info] [Profile.swift:1105] syncWith > Syncing ["clients", "tabs", "logins", "bookmarks", "history"]
2017-07-05 15:56:14.501 [Debug] [SyncAuthState.swift:119] token(_:canBeExpired:) > Advancing Account state.
2017-07-05 15:56:14.502 [Debug] [FirefoxAccount.swift:208] advance() > no advance() in progress; setting and returning new shared deferred.
2017-07-05 15:56:14.506 [Info] [FxALoginStateMachine.swift:51] advanceOne(fromState:now:) > Advancing from state: married
2017-07-05 15:56:14.506 [Debug] [FxALoginStateMachine.swift:55] advanceOne(fromState:now:) > Checking key pair freshness.
2017-07-05 15:56:14.506 [Debug] [FxALoginStateMachine.swift:60] advanceOne(fromState:now:) > Checking certificate freshness.
2017-07-05 15:56:14.507 [Info] [FxALoginStateMachine.swift:65] advanceOne(fromState:now:) > Key pair and certificate are fresh; staying Married.
2017-07-05 15:56:14.527 [Debug] [FirefoxAccount.swift:217] advance() > advance() completed and shared deferred is existing deferred; clearing shared deferred.
2017-07-05 15:56:14.527 [Info] [SyncAuthState.swift:122] token(_:canBeExpired:) > Account is in Married state; generating assertion.
2017-07-05 15:56:14.528 [Debug] [SyncAuthState.swift:127] token(_:canBeExpired:) > Fetching token server token.
2017-07-05 15:56:15.533 [Debug] [SyncAuthState.swift:136] token(_:canBeExpired:) > Fetched token server token!  Token expires at 1499288174501.
2017-07-05 15:56:15.534 [Debug] [SyncStateMachine.swift:111] toReady > Got token from auth state.
2017-07-05 15:56:15.566 [Debug] [State.swift:416] unpickleV1FromPrefs(_:syncKeyBundle:) > Read keys from Keychain with label 07mdBsoVqDv-.
2017-07-05 15:56:15.568 [Info] [SyncStateMachine.swift:121] toReady > Advancing to InitialWithLiveToken.
2017-07-05 15:56:15.568 [Info] [SyncStateMachine.swift:249] init(scratchpad:token:) > Inited initialWithLiveToken
2017-07-05 15:56:15.569 [Info] [SyncStateMachine.swift:89] advanceFromState > advanceFromState: InitialWithLiveToken
2017-07-05 15:56:15.623 [Debug] [Profile.swift:313] shutdown() > Shutting down profile.
2017-07-05 15:56:15.623 [Debug] [SwiftData.swift:534] deinit > deinit: closing connection on thread <NSThread: 0x174262f00>{number = 1, name = main}.
2017-07-05 15:56:15.624 [Debug] [SwiftData.swift:601] closeCustomConnection(immediately:) > Closing custom connection for /private/var/mobile/Containers/Shared/AppGroup/7CFC3924-B25F-4F69-9424-9D3CD3D1C8D9/profile.profile/browser.db on <NSThread: 0x174262f00>{number = 1, name = main}.
2017-07-05 15:56:15.635 [Debug] [SwiftData.swift:621] closeCustomConnection(immediately:) > Closed /private/var/mobile/Containers/Shared/AppGroup/7CFC3924-B25F-4F69-9424-9D3CD3D1C8D9/profile.profile/browser.db.
2017-07-05 15:56:15.635 [Debug] [SwiftData.swift:534] deinit > deinit: closing connection on thread <NSThread: 0x174262f00>{number = 1, name = main}.
2017-07-05 15:56:15.635 [Debug] [SwiftData.swift:601] closeCustomConnection(immediately:) > Closing custom connection for /private/var/mobile/Containers/Shared/AppGroup/7CFC3924-B25F-4F69-9424-9D3CD3D1C8D9/profile.profile/logins.db on <NSThread: 0x174262f00>{number = 1, name = main}.
2017-07-05 15:56:15.638 [Debug] [SwiftData.swift:621] closeCustomConnection(immediately:) > Closed /private/var/mobile/Containers/Shared/AppGroup/7CFC3924-B25F-4F69-9424-9D3CD3D1C8D9/profile.profile/logins.db.
